2025-05-30 12:18:13,061 - INFO - ============================================================
2025-05-30 12:18:13,061 - INFO - Starting Wafer Data Processing Pipeline
2025-05-30 12:18:13,062 - INFO - Mode: both
2025-05-30 12:18:13,062 - INFO - ============================================================
2025-05-30 12:18:13,062 - INFO - 
Step 1: Creating JSON Schema
2025-05-30 12:18:13,062 - INFO - ============================================================
2025-05-30 12:18:13,062 - INFO - Starting schema creation process...
2025-05-30 12:18:13,062 - INFO - ============================================================
2025-05-30 12:18:13,068 - INFO - Schema creation completed successfully
2025-05-30 12:18:13,069 - INFO - 
Step 2: Running Data Validation
2025-05-30 12:18:13,069 - INFO - ============================================================
2025-05-30 12:18:13,069 - INFO - Starting data validation process...
2025-05-30 12:18:13,069 - INFO - ============================================================
2025-05-30 12:18:13,793 - INFO - Data validation completed successfully
2025-05-30 12:51:27,254 - INFO - ============================================================
2025-05-30 12:51:27,264 - INFO - Starting Wafer Data Processing Pipeline
2025-05-30 12:51:27,264 - INFO - Mode: both
2025-05-30 12:51:27,265 - INFO - ============================================================
2025-05-30 12:51:27,265 - INFO - 
Step 1: Creating JSON Schema
2025-05-30 12:51:27,265 - INFO - ============================================================
2025-05-30 12:51:27,265 - INFO - Starting schema creation process...
2025-05-30 12:51:27,265 - INFO - ============================================================
2025-05-30 12:51:27,277 - INFO - Schema creation completed successfully
2025-05-30 12:51:27,277 - INFO - 
Step 2: Running Data Validation
2025-05-30 12:51:27,277 - INFO - ============================================================
2025-05-30 12:51:27,279 - INFO - Starting data validation process...
2025-05-30 12:51:27,279 - INFO - ============================================================
2025-05-30 12:51:30,237 - INFO - Data validation completed successfully
2025-05-30 12:55:42,768 - INFO - ============================================================
2025-05-30 12:55:42,768 - INFO - Starting Wafer Data Processing Pipeline
2025-05-30 12:55:42,768 - INFO - Mode: both
2025-05-30 12:55:42,768 - INFO - ============================================================
2025-05-30 12:55:42,768 - INFO - 
Step 1: Creating JSON Schema
2025-05-30 12:55:42,768 - INFO - ============================================================
2025-05-30 12:55:42,768 - INFO - Starting schema creation process...
2025-05-30 12:55:42,768 - INFO - ============================================================
2025-05-30 12:55:42,771 - INFO - Schema creation completed successfully
2025-05-30 12:55:42,771 - INFO - 
Step 2: Running Data Validation
2025-05-30 12:55:42,771 - INFO - ============================================================
2025-05-30 12:55:42,771 - INFO - Starting data validation process...
2025-05-30 12:55:42,771 - INFO - ============================================================
2025-05-30 12:55:43,616 - INFO - Data validation completed successfully
2025-05-30 12:58:46,696 - INFO - ============================================================
2025-05-30 12:58:46,696 - INFO - Starting Wafer Data Processing Pipeline
2025-05-30 12:58:46,696 - INFO - Mode: both
2025-05-30 12:58:46,696 - INFO - ============================================================
2025-05-30 12:58:46,696 - INFO - 
Step 1: Creating JSON Schema
2025-05-30 12:58:46,696 - INFO - ============================================================
2025-05-30 12:58:46,696 - INFO - Starting schema creation process...
2025-05-30 12:58:46,696 - INFO - ============================================================
2025-05-30 12:58:46,700 - INFO - Schema creation completed successfully
2025-05-30 12:58:46,700 - INFO - 
Step 2: Running Data Validation
2025-05-30 12:58:46,700 - INFO - ============================================================
2025-05-30 12:58:46,700 - INFO - Starting data validation process...
2025-05-30 12:58:46,700 - INFO - ============================================================
2025-05-30 12:58:47,862 - INFO - Data validation completed successfully
2025-05-30 13:00:08,050 - INFO - ============================================================
2025-05-30 13:00:08,050 - INFO - Starting Wafer Data Processing Pipeline
2025-05-30 13:00:08,050 - INFO - Mode: both
2025-05-30 13:00:08,050 - INFO - ============================================================
2025-05-30 13:00:08,050 - INFO - 
Step 1: Creating JSON Schema
2025-05-30 13:00:08,050 - INFO - ============================================================
2025-05-30 13:00:08,050 - INFO - Starting schema creation process...
2025-05-30 13:00:08,050 - INFO - ============================================================
2025-05-30 13:00:08,054 - INFO - Schema creation completed successfully
2025-05-30 13:00:08,054 - INFO - 
Step 2: Running Data Validation
2025-05-30 13:00:08,054 - INFO - ============================================================
2025-05-30 13:00:08,054 - INFO - Starting data validation process...
2025-05-30 13:00:08,054 - INFO - ============================================================
2025-05-30 13:00:09,163 - INFO - Data validation completed successfully
2025-05-30 13:14:32,080 - INFO - ============================================================
2025-05-30 13:14:32,081 - INFO - Starting Wafer Data Processing Pipeline
2025-05-30 13:14:32,081 - INFO - Mode: both
2025-05-30 13:14:32,081 - INFO - ============================================================
2025-05-30 13:14:32,081 - INFO - 
Step 1: Creating JSON Schema
2025-05-30 13:14:32,081 - INFO - ============================================================
2025-05-30 13:14:32,081 - INFO - Starting schema creation process...
2025-05-30 13:14:32,081 - INFO - ============================================================
2025-05-30 13:14:32,084 - INFO - Schema creation completed successfully
2025-05-30 13:14:32,084 - INFO - 
Step 2: Running Data Validation
2025-05-30 13:14:32,084 - INFO - ============================================================
2025-05-30 13:14:32,084 - INFO - Starting data validation process...
2025-05-30 13:14:32,084 - INFO - ============================================================
2025-05-30 13:14:32,963 - INFO - Data validation completed successfully
2025-05-30 13:24:01,330 - INFO - ============================================================
2025-05-30 13:24:01,331 - INFO - Starting Wafer Data Processing Pipeline
2025-05-30 13:24:01,331 - INFO - Mode: both
2025-05-30 13:24:01,331 - INFO - ============================================================
2025-05-30 13:24:01,331 - INFO - 
Step 1: Creating JSON Schema
2025-05-30 13:24:01,331 - INFO - ============================================================
2025-05-30 13:24:01,331 - INFO - Starting schema creation process...
2025-05-30 13:24:01,331 - INFO - ============================================================
2025-05-30 13:24:01,334 - INFO - Schema creation completed successfully
2025-05-30 13:24:01,334 - INFO - 
Step 2: Running Data Validation
2025-05-30 13:24:01,334 - INFO - ============================================================
2025-05-30 13:24:01,334 - INFO - Starting data validation process...
2025-05-30 13:24:01,334 - INFO - ============================================================
2025-05-30 13:24:02,350 - INFO - Data validation completed successfully
2025-05-30 13:33:31,439 - INFO - ============================================================
2025-05-30 13:33:31,439 - INFO - Starting Wafer Data Processing Pipeline
2025-05-30 13:33:31,439 - INFO - Mode: both
2025-05-30 13:33:31,439 - INFO - ============================================================
2025-05-30 13:33:31,439 - INFO - 
Step 1: Creating JSON Schema
2025-05-30 13:33:31,439 - INFO - ============================================================
2025-05-30 13:33:31,439 - INFO - Starting schema creation process...
2025-05-30 13:33:31,439 - INFO - ============================================================
2025-05-30 13:33:31,442 - INFO - Schema creation completed successfully
2025-05-30 13:33:31,442 - INFO - 
Step 2: Running Data Validation
2025-05-30 13:33:31,442 - INFO - ============================================================
2025-05-30 13:33:31,442 - INFO - Starting data validation process...
2025-05-30 13:33:31,442 - INFO - ============================================================
2025-05-30 13:33:31,484 - ERROR - Error in data validation: name 'start' is not defined
Traceback (most recent call last):
  File "/workspaces/automated-semiconductor-fault-detection/src/main.py", line 153, in run_data_validation
    training_validator.validate_files_parallel()
  File "/workspaces/automated-semiconductor-fault-detection/src/data_validation.py", line 377, in validate_files_parallel
    list(executor.map(self._process_file, entries))
  File "/usr/local/python/3.12.1/lib/python3.12/concurrent/futures/_base.py", line 619, in result_iterator
    yield _result_or_cancel(fs.pop())
          ^^^^^^^^^^^^^^^^^^^^^^^^^^^
  File "/usr/local/python/3.12.1/lib/python3.12/concurrent/futures/_base.py", line 317, in _result_or_cancel
    return fut.result(timeout)
           ^^^^^^^^^^^^^^^^^^^
  File "/usr/local/python/3.12.1/lib/python3.12/concurrent/futures/_base.py", line 449, in result
    return self.__get_result()
           ^^^^^^^^^^^^^^^^^^^
  File "/usr/local/python/3.12.1/lib/python3.12/concurrent/futures/_base.py", line 401, in __get_result
    raise self._exception
  File "/usr/local/python/3.12.1/lib/python3.12/concurrent/futures/thread.py", line 58, in run
    result = self.fn(*self.args, **self.kwargs)
             ^^^^^^^^^^^^^^^^^^^^^^^^^^^^^^^^^^
  File "/workspaces/automated-semiconductor-fault-detection/src/data_validation.py", line 319, in _process_file
    elapsed = (datetime.datetime.now() - start).total_seconds()
                                         ^^^^^
NameError: name 'start' is not defined
2025-05-30 13:33:31,488 - ERROR - Data validation failed.
