2025-05-13 01:54:31,390 - INFO - ============================================================
2025-05-13 01:54:31,390 - INFO - Starting Wafer Data Processing Pipeline
2025-05-13 01:54:31,391 - INFO - Mode: both
2025-05-13 01:54:31,391 - INFO - ============================================================
2025-05-13 01:54:31,391 - INFO - 
Step 1: Creating JSON Schema
2025-05-13 01:54:31,391 - INFO - ============================================================
2025-05-13 01:54:31,391 - INFO - Starting schema creation process...
2025-05-13 01:54:31,391 - INFO - ============================================================
2025-05-13 01:54:31,395 - INFO - Schema creation completed successfully
2025-05-13 01:54:31,395 - INFO - 
Step 2: Running Data Validation
2025-05-13 01:54:31,395 - INFO - ============================================================
2025-05-13 01:54:31,395 - INFO - Starting data validation process...
2025-05-13 01:54:31,395 - INFO - ============================================================
2025-05-13 01:54:31,412 - INFO - Initialized training schema with 592 columns
2025-05-13 01:54:31,412 - INFO - First few columns: wafer, Sensor - 1, Sensor - 2, Sensor - 3, Sensor - 4
2025-05-13 01:54:31,412 - INFO - Last column: Output
2025-05-13 01:54:31,413 - INFO - ============================================================
2025-05-13 01:54:31,413 - INFO - === TRAINING Validation started at 2025-05-13 01:54:31 ===
2025-05-13 01:54:31,413 - INFO - ============================================================
2025-05-13 01:54:31,413 - WARNING - No CSV files found in /workspaces/automated-semiconductor-fault-detection/data/training/input
2025-05-13 01:54:31,413 - WARNING - No training files processed.
2025-05-13 01:54:31,414 - INFO - Initialized prediction schema with 591 columns
2025-05-13 01:54:31,414 - INFO - First few columns: wafer, Sensor - 1, Sensor - 2, Sensor - 3, Sensor - 4
2025-05-13 01:54:31,414 - INFO - Last column: Sensor - 590
2025-05-13 01:54:31,414 - INFO - ============================================================
2025-05-13 01:54:31,414 - INFO - === PREDICTION Validation started at 2025-05-13 01:54:31 ===
2025-05-13 01:54:31,414 - INFO - ============================================================
2025-05-13 01:54:31,414 - WARNING - No CSV files found in /workspaces/automated-semiconductor-fault-detection/data/prediction/input
2025-05-13 01:54:31,415 - WARNING - No prediction files processed.
2025-05-13 01:54:31,415 - INFO - Data validation completed successfully
2025-05-13 01:54:31,415 - INFO - 
============================================================
2025-05-13 01:54:31,415 - INFO - All processes completed successfully!
2025-05-13 01:54:31,415 - INFO - ============================================================
