2025-05-13 02:00:14,661 - INFO - ============================================================
2025-05-13 02:00:14,661 - INFO - Starting Wafer Data Processing Pipeline
2025-05-13 02:00:14,661 - INFO - Mode: both
2025-05-13 02:00:14,661 - INFO - ============================================================
2025-05-13 02:00:14,661 - INFO - 
Step 1: Creating JSON Schema
2025-05-13 02:00:14,661 - INFO - ============================================================
2025-05-13 02:00:14,661 - INFO - Starting schema creation process...
2025-05-13 02:00:14,662 - INFO - ============================================================
2025-05-13 02:00:14,665 - INFO - Schema creation completed successfully
2025-05-13 02:00:14,665 - INFO - 
Step 2: Running Data Validation
2025-05-13 02:00:14,665 - INFO - ============================================================
2025-05-13 02:00:14,665 - INFO - Starting data validation process...
2025-05-13 02:00:14,666 - INFO - ============================================================
2025-05-13 02:00:14,684 - INFO - Initialized training schema with 592 columns
2025-05-13 02:00:14,684 - INFO - First few columns: wafer, Sensor - 1, Sensor - 2, Sensor - 3, Sensor - 4
2025-05-13 02:00:14,684 - INFO - Last column: Output
2025-05-13 02:00:14,684 - INFO - ============================================================
2025-05-13 02:00:14,685 - INFO - === TRAINING Validation started at 2025-05-13 02:00:14 ===
2025-05-13 02:00:14,685 - INFO - ============================================================
2025-05-13 02:00:14,685 - INFO - Found 41 CSV files to process
2025-05-13 02:00:14,687 - INFO - [Bad] Waferdefault_15010_130532.csv: Invalid filename format. Expected pattern: ^wafer_\d{8}_\d{6}\.csv$
2025-05-13 02:00:14,687 - INFO - [Bad] Wafer_24012020_150121.csv: Invalid filename format. Expected pattern: ^wafer_\d{8}_\d{6}\.csv$
2025-05-13 02:00:14,688 - INFO - [Good] wafer_29012020_060756.csv
2025-05-13 02:00:14,689 - INFO - [Bad] Wafer_11012020_151432.csv: Invalid filename format. Expected pattern: ^wafer_\d{8}_\d{6}\.csv$
2025-05-13 02:00:14,691 - INFO - [Good] wafer_23012020_041211.csv
2025-05-13 02:00:14,693 - INFO - [Bad] Wafer_fault_detection.csv: Invalid filename format. Expected pattern: ^wafer_\d{8}_\d{6}\.csv$
2025-05-13 02:00:14,694 - INFO - [Good] wafer_13012020_090817.csv
2025-05-13 02:00:14,695 - INFO - [Bad] wafer_17012020_125434.csv: Last column should be 'Output' or 'Good/Bad', got 'Sensor-590'
2025-05-13 02:00:14,696 - INFO - [Bad] Wafer_22012020_173245.csv: Invalid filename format. Expected pattern: ^wafer_\d{8}_\d{6}\.csv$
2025-05-13 02:00:14,698 - INFO - [Bad] Wafer_20012020_135132.csv: Invalid filename format. Expected pattern: ^wafer_\d{8}_\d{6}\.csv$
2025-05-13 02:00:14,699 - INFO - [Bad] Wafer_25012020_142112.csv: Invalid filename format. Expected pattern: ^wafer_\d{8}_\d{6}\.csv$
2025-05-13 02:00:14,701 - INFO - [Bad] Wafer_08012020_120000.csv: Invalid filename format. Expected pattern: ^wafer_\d{8}_\d{6}\.csv$
2025-05-13 02:00:14,702 - INFO - [Bad] Wafer_07012020_223345.csv: Invalid filename format. Expected pattern: ^wafer_\d{8}_\d{6}\.csv$
2025-05-13 02:00:14,699 - INFO - [Bad] Wafer_15012020_130532.csv: Invalid filename format. Expected pattern: ^wafer_\d{8}_\d{6}\.csv$
2025-05-13 02:00:14,699 - INFO - [Good] wafer_20022020_090716.csv
2025-05-13 02:00:14,700 - INFO - [Bad] Wafer_21012020_143634.csv: Invalid filename format. Expected pattern: ^wafer_\d{8}_\d{6}\.csv$
2025-05-13 02:00:14,705 - INFO - [Bad] wafer_16012020_134553.csv: Last column should be 'Output' or 'Good/Bad', got 'Sensor-590'
2025-05-13 02:00:14,709 - INFO - [Good] wafer_27012020_080911.csv
2025-05-13 02:00:14,710 - INFO - [Bad] Wafer_14012020_113045.csv: Invalid filename format. Expected pattern: ^wafer_\d{8}_\d{6}\.csv$
2025-05-13 02:00:14,710 - INFO - [Good] wafer_07012020_041011.csv
2025-05-13 02:00:14,711 - INFO - [Bad] Wafer_10012020_131534.csv: Invalid filename format. Expected pattern: ^wafer_\d{8}_\d{6}\.csv$
2025-05-13 02:00:14,712 - INFO - [Bad] Wafer_23012020_163456.csv: Invalid filename format. Expected pattern: ^wafer_\d{8}_\d{6}\.csv$
2025-05-13 02:00:14,713 - INFO - [Bad] Wafer_text_130532.csv: Invalid filename format. Expected pattern: ^wafer_\d{8}_\d{6}\.csv$
2025-05-13 02:00:14,714 - INFO - [Bad] Wafer_13012020_141000.csv: Invalid filename format. Expected pattern: ^wafer_\d{8}_\d{6}\.csv$
2025-05-13 02:00:14,716 - INFO - [Good] wafer_28042020_031911.csv
2025-05-13 02:00:14,716 - INFO - [Bad] Wafer_12012020_111213.csv: Invalid filename format. Expected pattern: ^wafer_\d{8}_\d{6}\.csv$
2025-05-13 02:00:14,718 - INFO - [Good] wafer_16012020_051629.csv
2025-05-13 02:00:14,718 - INFO - [Bad] Wafer_07012020_000000.csv: Invalid filename format. Expected pattern: ^wafer_\d{8}_\d{6}\.csv$
2025-05-13 02:00:14,721 - INFO - [Good] wafer_28012020_090817.csv
2025-05-13 02:00:14,722 - INFO - [Good] wafer_29012020_050617.csv
2025-05-13 02:00:14,723 - INFO - [Good] wafer_28012020_051011.csv
2025-05-13 02:00:14,723 - INFO - [Bad] Wafer12_20012.csv: Invalid filename format. Expected pattern: ^wafer_\d{8}_\d{6}\.csv$
2025-05-13 02:00:14,724 - INFO - [Good] wafer_21012020_080913.csv
2025-05-13 02:00:14,725 - INFO - [Good] wafer_23012020_011008.csv
2025-05-13 02:00:14,726 - INFO - [Bad] Wafer_15010_130532.csv: Invalid filename format. Expected pattern: ^wafer_\d{8}_\d{6}\.csv$
2025-05-13 02:00:14,726 - INFO - [Bad] Wafer_18012020_121532.csv: Invalid filename format. Expected pattern: ^wafer_\d{8}_\d{6}\.csv$
2025-05-13 02:00:14,727 - INFO - [Good] wafer_22022020_041119.csv
2025-05-13 02:00:14,730 - INFO - [Bad] Wafer_19012020_141432.csv: Invalid filename format. Expected pattern: ^wafer_\d{8}_\d{6}\.csv$
2025-05-13 02:00:14,731 - INFO - [Bad] Wafer_12012020_111.csv: Invalid filename format. Expected pattern: ^wafer_\d{8}_\d{6}\.csv$
2025-05-13 02:00:14,731 - INFO - [Good] wafer_31012020_090811.csv
2025-05-13 02:00:14,731 - INFO - [Good] wafer_20012020_090819.csv
2025-05-13 02:00:14,732 - INFO - 
============================================================
Training validation complete:
Total files processed: 41
Good files: 16 (39.0%)
Bad files: 25 (61.0%)
Schema file used: /workspaces/automated-semiconductor-fault-detection/schema/schema_training.json
============================================================
2025-05-13 02:00:14,732 - INFO - Initialized prediction schema with 591 columns
2025-05-13 02:00:14,733 - INFO - First few columns: wafer, Sensor - 1, Sensor - 2, Sensor - 3, Sensor - 4
2025-05-13 02:00:14,733 - INFO - Last column: Sensor - 590
2025-05-13 02:00:14,733 - INFO - ============================================================
2025-05-13 02:00:14,734 - INFO - === PREDICTION Validation started at 2025-05-13 02:00:14 ===
2025-05-13 02:00:14,734 - INFO - ============================================================
2025-05-13 02:00:14,735 - INFO - Found 19 CSV files to process
2025-05-13 02:00:14,737 - INFO - [Good] wafer_29012020_060756.csv
2025-05-13 02:00:14,740 - INFO - [Bad] Wafer_14012020_113045.csv: Invalid filename format. Expected pattern: ^wafer_\d{8}_\d{6}\.csv$
2025-05-13 02:00:14,741 - INFO - [Good] wafer_13012020_090817.csv
2025-05-13 02:00:14,741 - INFO - [Good] wafer_20022020_090716.csv
2025-05-13 02:00:14,742 - INFO - [Good] wafer_23012020_041211.csv
2025-05-13 02:00:14,742 - INFO - [Good] wafer_27012020_080911.csv
2025-05-13 02:00:14,745 - INFO - [Good] wafer_16012020_051629.csv
2025-05-13 02:00:14,745 - INFO - [Good] wafer_07012020_041011.csv
2025-05-13 02:00:14,746 - INFO - [Bad] Wafer_13012020_141000.csv: Invalid filename format. Expected pattern: ^wafer_\d{8}_\d{6}\.csv$
2025-05-13 02:00:14,748 - INFO - [Good] wafer_28042020_031911.csv
2025-05-13 02:00:14,750 - INFO - [Good] wafer_28012020_051011.csv
2025-05-13 02:00:14,751 - INFO - [Good] wafer_21012020_080913.csv
2025-05-13 02:00:14,752 - INFO - [Good] wafer_29012020_050617.csv
2025-05-13 02:00:14,754 - INFO - [Good] wafer_28012020_090817.csv
2025-05-13 02:00:14,754 - INFO - [Good] wafer_23012020_011008.csv
2025-05-13 02:00:14,756 - INFO - [Good] wafer_22022020_041119.csv
2025-05-13 02:00:14,757 - INFO - [Bad] Wafer_15010_130532.csv: Invalid filename format. Expected pattern: ^wafer_\d{8}_\d{6}\.csv$
2025-05-13 02:00:14,757 - INFO - [Good] wafer_20012020_090819.csv
2025-05-13 02:00:14,757 - INFO - [Good] wafer_31012020_090811.csv
2025-05-13 02:00:14,758 - INFO - 
============================================================
Prediction validation complete:
Total files processed: 19
Good files: 16 (84.2%)
Bad files: 3 (15.8%)
Schema file used: /workspaces/automated-semiconductor-fault-detection/schema/schema_prediction.json
============================================================
2025-05-13 02:00:14,758 - INFO - Data validation completed successfully
2025-05-13 02:00:14,758 - INFO - 
============================================================
2025-05-13 02:00:14,758 - INFO - All processes completed successfully!
2025-05-13 02:00:14,758 - INFO - ============================================================
