2025-05-30 23:22:19,800 INFO ============================================================
2025-05-30 23:22:19,800 INFO Starting Wafer Data Processing Pipeline (training only)
2025-05-30 23:22:19,800 INFO ============================================================
2025-05-30 23:22:19,800 INFO 
Step 1: Creating JSON Schema
2025-05-30 23:22:19,800 INFO ============================================================
2025-05-30 23:22:19,800 INFO Starting schema creation process...
2025-05-30 23:22:19,801 INFO ============================================================
2025-05-30 23:22:19,802 INFO Training schema created at: /workspaces/automated-semiconductor-fault-detection/schema/schema_training.json
2025-05-30 23:22:19,802 INFO Training schema created at: /workspaces/automated-semiconductor-fault-detection/schema/schema_training.json
2025-05-30 23:22:19,802 INFO Schema creation completed successfully
2025-05-30 23:22:19,802 INFO 
Step 2: Running Data Validation
2025-05-30 23:22:19,802 INFO ============================================================
2025-05-30 23:22:19,802 INFO Starting data validation process...
2025-05-30 23:22:19,802 INFO ============================================================
2025-05-30 23:22:19,803 INFO Fallback logging initialized.
2025-05-30 23:22:19,803 INFO Environment setup and config validation successful.
2025-05-30 23:22:19,803 INFO Initializing FileValidator...
2025-05-30 23:22:19,804 INFO Validator initialized for mode: training
2025-05-30 23:22:19,804 INFO Reading schema file...
2025-05-30 23:22:19,808 INFO Schema loaded: 592 columns
2025-05-30 23:22:19,808 INFO Setting up directories for validation...
2025-05-30 23:22:19,809 INFO Removed existing directory: /workspaces/automated-semiconductor-fault-detection/data/training/good
2025-05-30 23:22:19,809 INFO Created directory: /workspaces/automated-semiconductor-fault-detection/data/training/good
2025-05-30 23:22:19,809 INFO Removed existing directory: /workspaces/automated-semiconductor-fault-detection/data/training/bad
2025-05-30 23:22:19,809 INFO Created directory: /workspaces/automated-semiconductor-fault-detection/data/training/bad
2025-05-30 23:22:19,809 INFO ============================================================
2025-05-30 23:22:19,809 INFO === TRAINING Validation started at 2025-05-30 23:22:19 ===
2025-05-30 23:22:19,809 INFO ============================================================
2025-05-30 23:22:19,809 INFO Scanning input directory /workspaces/automated-semiconductor-fault-detection/data/training/input for CSV files...
2025-05-30 23:22:19,809 INFO Found 43 CSV files to process
2025-05-30 23:22:19,810 INFO Processing file: Waferdefault_15010_130532.csv
2025-05-30 23:22:19,810 WARNING Invalid filename format: Waferdefault_15010_130532.csv
2025-05-30 23:22:19,810 INFO [BAD] Waferdefault_15010_130532.csv: Invalid filename format
2025-05-30 23:22:19,811 INFO Processing file: wafer_29012020_060756.csv
2025-05-30 23:22:19,811 INFO Processing file: wafer_27012020_080912.csv
2025-05-30 23:22:19,812 INFO File SHA256: 32c908c1196125a8...
2025-05-30 23:22:19,812 INFO Processing file: Wafer_11012020_151432.csv
2025-05-30 23:22:19,812 WARNING Invalid filename format: Wafer_11012020_151432.csv
2025-05-30 23:22:19,813 INFO Column validation passed using hash comparison.
2025-05-30 23:22:19,836 INFO [GOOD] wafer_29012020_060756_32c908c1.csv
2025-05-30 23:22:19,838 INFO Processing file: Wafer_24012020_150121.csv
2025-05-30 23:22:19,840 INFO [BAD] Wafer_11012020_151432.csv: Invalid filename format
2025-05-30 23:22:19,840 INFO Processing file: wafer_23012020_041211.csv
2025-05-30 23:22:19,840 WARNING Invalid filename format: Wafer_24012020_150121.csv
2025-05-30 23:22:19,841 INFO File SHA256: 74ecb99db989ca16...
2025-05-30 23:22:19,841 INFO Processing file: wafer_17012020_125434.csv
2025-05-30 23:22:19,842 INFO File SHA256: 1d78b5f96648b029...
2025-05-30 23:22:19,842 INFO [BAD] Wafer_24012020_150121.csv: Invalid filename format
2025-05-30 23:22:19,844 INFO Processing file: wafer_13012020_090817.csv
2025-05-30 23:22:19,844 WARNING Columns do not match schema
2025-05-30 23:22:19,844 INFO Column validation passed using hash comparison.
2025-05-30 23:22:19,844 WARNING Column validation failed: Columns do not match schema
2025-05-30 23:22:19,863 INFO File SHA256: c6bc8191caaf5ecb...
2025-05-30 23:22:19,864 INFO File SHA256: 685c90f461117301...
2025-05-30 23:22:19,864 INFO [BAD] wafer_27012020_080912.csv: Columns do not match schema
2025-05-30 23:22:19,864 WARNING Last column should be 'Output' or 'Good/Bad', got 'Sensor-590'
2025-05-30 23:22:19,866 WARNING Column validation failed: Last column should be 'Output' or 'Good/Bad', got 'Sensor-590'
2025-05-30 23:22:19,866 INFO [GOOD] wafer_23012020_041211_1d78b5f9.csv
2025-05-30 23:22:19,865 INFO Column validation passed using hash comparison.
2025-05-30 23:22:19,866 INFO Processing file: Wafer_fault_detection.csv
2025-05-30 23:22:19,878 INFO [BAD] wafer_17012020_125434.csv: Last column should be 'Output' or 'Good/Bad', got 'Sensor-590'
2025-05-30 23:22:19,879 INFO Processing file: Wafer_22012020_173245.csv
2025-05-30 23:22:19,887 WARNING Invalid filename format: Wafer_22012020_173245.csv
2025-05-30 23:22:19,887 WARNING Invalid filename format: Wafer_fault_detection.csv
2025-05-30 23:22:19,888 INFO Processing file: Wafer_20012020_135132.csv
2025-05-30 23:22:19,888 WARNING Invalid filename format: Wafer_20012020_135132.csv
2025-05-30 23:22:19,888 INFO [GOOD] wafer_13012020_090817_685c90f4.csv
2025-05-30 23:22:19,889 INFO Processing file: Wafer_15012020_130532.csv
2025-05-30 23:22:19,889 INFO [BAD] Wafer_22012020_173245.csv: Invalid filename format
2025-05-30 23:22:19,889 INFO [BAD] Wafer_fault_detection.csv: Invalid filename format
2025-05-30 23:22:19,890 INFO Processing file: Wafer_25012020_142112.csv
2025-05-30 23:22:19,890 WARNING Invalid filename format: Wafer_25012020_142112.csv
2025-05-30 23:22:19,890 INFO [BAD] Wafer_25012020_142112.csv: Invalid filename format
2025-05-30 23:22:19,891 INFO [BAD] Wafer_20012020_135132.csv: Invalid filename format
2025-05-30 23:22:19,889 WARNING Invalid filename format: Wafer_15012020_130532.csv
2025-05-30 23:22:19,890 INFO Processing file: wafer_20022020_090716.csv
2025-05-30 23:22:19,891 INFO Processing file: Wafer_21012020_143634.csv
2025-05-30 23:22:19,891 INFO Processing file: Wafer_08012020_120000.csv
2025-05-30 23:22:19,891 WARNING Invalid filename format: Wafer_08012020_120000.csv
2025-05-30 23:22:19,891 WARNING Invalid filename format: Wafer_21012020_143634.csv
2025-05-30 23:22:19,892 INFO File SHA256: dd94e2657b6ccd31...
2025-05-30 23:22:19,892 INFO [BAD] Wafer_15012020_130532.csv: Invalid filename format
2025-05-30 23:22:19,893 INFO Column validation passed using hash comparison.
2025-05-30 23:22:19,900 INFO Processing file: Wafer_07012020_223345.csv
2025-05-30 23:22:19,900 WARNING Invalid filename format: Wafer_07012020_223345.csv
2025-05-30 23:22:19,901 INFO [BAD] Wafer_08012020_120000.csv: Invalid filename format
2025-05-30 23:22:19,901 INFO Processing file: Wafer_14012020_113045.csv
2025-05-30 23:22:19,901 WARNING Invalid filename format: Wafer_14012020_113045.csv
2025-05-30 23:22:19,901 INFO [BAD] Wafer_21012020_143634.csv: Invalid filename format
2025-05-30 23:22:19,902 INFO [BAD] Wafer_07012020_223345.csv: Invalid filename format
2025-05-30 23:22:19,903 INFO Processing file: wafer_16012020_134553.csv
2025-05-30 23:22:19,904 INFO File SHA256: de0a888a8ee25bff...
2025-05-30 23:22:19,902 INFO Processing file: wafer_27012020_080911.csv
2025-05-30 23:22:19,905 INFO [GOOD] wafer_20022020_090716_dd94e265.csv
2025-05-30 23:22:19,904 INFO [BAD] Wafer_14012020_113045.csv: Invalid filename format
2025-05-30 23:22:19,906 WARNING Last column should be 'Output' or 'Good/Bad', got 'Sensor-590'
2025-05-30 23:22:19,906 INFO Processing file: wafer_07012020_041011.csv
2025-05-30 23:22:19,907 WARNING Column validation failed: Last column should be 'Output' or 'Good/Bad', got 'Sensor-590'
2025-05-30 23:22:19,907 INFO Processing file: wafer_16012020_051629.csv
2025-05-30 23:22:19,908 INFO File SHA256: e1e13189cb272301...
2025-05-30 23:22:19,908 INFO [BAD] wafer_16012020_134553.csv: Last column should be 'Output' or 'Good/Bad', got 'Sensor-590'
2025-05-30 23:22:19,909 INFO Column validation passed using hash comparison.
2025-05-30 23:22:19,926 INFO Processing file: Wafer_text_130532.csv
2025-05-30 23:22:19,926 WARNING Invalid filename format: Wafer_text_130532.csv
2025-05-30 23:22:19,927 INFO [GOOD] wafer_07012020_041011_e1e13189.csv
2025-05-30 23:22:19,926 INFO File SHA256: ba78fb9374372dad...
2025-05-30 23:22:19,926 INFO File SHA256: b86db3f4308196a0...
2025-05-30 23:22:19,928 INFO Processing file: wafer_20012020_090818.csv
2025-05-30 23:22:19,928 INFO Column validation passed using hash comparison.
2025-05-30 23:22:19,929 INFO Column validation passed using hash comparison.
2025-05-30 23:22:19,967 INFO [GOOD] wafer_16012020_051629_b86db3f4.csv
2025-05-30 23:22:19,967 INFO File SHA256: f1d2f61c83b11721...
2025-05-30 23:22:19,967 INFO [GOOD] wafer_27012020_080911_ba78fb93.csv
2025-05-30 23:22:19,968 INFO Processing file: Wafer_12012020_111213.csv
2025-05-30 23:22:19,970 INFO Processing file: Wafer_10012020_131534.csv
2025-05-30 23:22:19,970 INFO [BAD] Wafer_text_130532.csv: Invalid filename format
2025-05-30 23:22:19,970 INFO Column validation passed using hash comparison.
2025-05-30 23:22:19,970 WARNING Invalid filename format: Wafer_12012020_111213.csv
2025-05-30 23:22:19,971 WARNING Invalid filename format: Wafer_10012020_131534.csv
2025-05-30 23:22:19,972 WARNING Column 'Sensor-16' expects float, got 'abc'
2025-05-30 23:22:19,973 WARNING Row 6 dtype validation failed: Column 'Sensor-16' expects float, got 'abc'
2025-05-30 23:22:19,972 INFO Processing file: Wafer_23012020_163456.csv
2025-05-30 23:22:19,972 INFO [BAD] Wafer_12012020_111213.csv: Invalid filename format
2025-05-30 23:22:19,973 WARNING Invalid filename format: Wafer_23012020_163456.csv
2025-05-30 23:22:19,973 INFO [BAD] wafer_20012020_090818.csv: Row 6: Column 'Sensor-16' expects float, got 'abc'
2025-05-30 23:22:19,973 INFO [BAD] Wafer_10012020_131534.csv: Invalid filename format
2025-05-30 23:22:19,974 INFO Processing file: wafer_28042020_031911.csv
2025-05-30 23:22:19,974 INFO Processing file: Wafer_13012020_141000.csv
2025-05-30 23:22:19,975 WARNING Invalid filename format: Wafer_13012020_141000.csv
2025-05-30 23:22:19,974 INFO Processing file: wafer_21012020_080913.csv
2025-05-30 23:22:19,974 INFO [BAD] Wafer_23012020_163456.csv: Invalid filename format
2025-05-30 23:22:19,976 INFO Processing file: wafer_29012020_050617.csv
2025-05-30 23:22:19,976 INFO [BAD] Wafer_13012020_141000.csv: Invalid filename format
2025-05-30 23:22:19,977 INFO Processing file: Wafer_07012020_000000.csv
2025-05-30 23:22:19,977 WARNING Invalid filename format: Wafer_07012020_000000.csv
2025-05-30 23:22:19,977 INFO File SHA256: d1605198b5041901...
2025-05-30 23:22:19,978 INFO Column validation passed using hash comparison.
2025-05-30 23:22:19,994 INFO File SHA256: a54dc98c16a63418...
2025-05-30 23:22:19,995 INFO Column validation passed using hash comparison.
2025-05-30 23:22:20,013 INFO [BAD] Wafer_07012020_000000.csv: Invalid filename format
2025-05-30 23:22:20,014 INFO Processing file: wafer_28012020_051011.csv
2025-05-30 23:22:20,014 INFO [GOOD] wafer_28042020_031911_a54dc98c.csv
2025-05-30 23:22:20,015 INFO Processing file: wafer_28012020_090817.csv
2025-05-30 23:22:20,015 INFO [GOOD] wafer_21012020_080913_d1605198.csv
2025-05-30 23:22:20,017 INFO Processing file: wafer_23012020_011008.csv
2025-05-30 23:22:20,017 INFO File SHA256: a6124fd085b75843...
2025-05-30 23:22:20,018 INFO File SHA256: 8b7ece090bae683a...
2025-05-30 23:22:20,018 INFO File SHA256: 57d4d4b20e3f9157...
2025-05-30 23:22:20,018 INFO Column validation passed using hash comparison.
2025-05-30 23:22:20,019 INFO Column validation passed using hash comparison.
2025-05-30 23:22:20,019 INFO Column validation passed using hash comparison.
2025-05-30 23:22:20,053 INFO File SHA256: ad2f1ded6ecad58b...
2025-05-30 23:22:20,075 INFO Column validation passed using hash comparison.
2025-05-30 23:22:20,093 INFO [GOOD] wafer_29012020_050617_8b7ece09.csv
2025-05-30 23:22:20,095 INFO Processing file: Wafer12_20012.csv
2025-05-30 23:22:20,095 WARNING Invalid filename format: Wafer12_20012.csv
2025-05-30 23:22:20,095 INFO [GOOD] wafer_28012020_051011_a6124fd0.csv
2025-05-30 23:22:20,095 INFO [GOOD] wafer_28012020_090817_57d4d4b2.csv
2025-05-30 23:22:20,097 INFO Processing file: Wafer_15010_130532.csv
2025-05-30 23:22:20,097 WARNING Invalid filename format: Wafer_15010_130532.csv
2025-05-30 23:22:20,098 INFO Processing file: wafer_22022020_041119.csv
2025-05-30 23:22:20,099 INFO [GOOD] wafer_23012020_011008_ad2f1ded.csv
2025-05-30 23:22:20,100 INFO Processing file: Wafer_19012020_141432.csv
2025-05-30 23:22:20,101 INFO [BAD] Wafer_15010_130532.csv: Invalid filename format
2025-05-30 23:22:20,101 WARNING Invalid filename format: Wafer_19012020_141432.csv
2025-05-30 23:22:20,101 INFO [BAD] Wafer12_20012.csv: Invalid filename format
2025-05-30 23:22:20,101 INFO Processing file: Wafer_18012020_121532.csv
2025-05-30 23:22:20,102 WARNING Invalid filename format: Wafer_18012020_121532.csv
2025-05-30 23:22:20,102 INFO Processing file: wafer_20012020_090819.csv
2025-05-30 23:22:20,102 INFO [BAD] Wafer_18012020_121532.csv: Invalid filename format
2025-05-30 23:22:20,103 INFO File SHA256: 418c0260c3383dd7...
2025-05-30 23:22:20,103 INFO Processing file: wafer_31012020_090811.csv
2025-05-30 23:22:20,104 INFO Column validation passed using hash comparison.
2025-05-30 23:22:20,120 INFO [BAD] Wafer_19012020_141432.csv: Invalid filename format
2025-05-30 23:22:20,120 INFO Processing file: Wafer_12012020_111.csv
2025-05-30 23:22:20,120 WARNING Invalid filename format: Wafer_12012020_111.csv
2025-05-30 23:22:20,121 INFO [GOOD] wafer_22022020_041119_418c0260.csv
2025-05-30 23:22:20,123 INFO File SHA256: e747459419f96d6c...
2025-05-30 23:22:20,123 INFO Column validation passed using hash comparison.
2025-05-30 23:22:20,139 INFO File SHA256: e0a35d2e6b52b2ce...
2025-05-30 23:22:20,140 INFO Column validation passed using hash comparison.
2025-05-30 23:22:20,140 INFO [BAD] Wafer_12012020_111.csv: Invalid filename format
2025-05-30 23:22:20,154 INFO [GOOD] wafer_31012020_090811_e7474594.csv
2025-05-30 23:22:20,163 INFO [GOOD] wafer_20012020_090819_e0a35d2e.csv
2025-05-30 23:22:20,165 INFO 
============================================================
Training Validation Summary:
Total files: 43
Valid files: 16 (37.2%)
Invalid files: 27 (62.8%)
Note: Missing value handling will occur during preprocessing stage
============================================================
2025-05-30 23:22:20,165 INFO Rejection reasons:
2025-05-30 23:22:20,165 INFO   Waferdefault_15010_130532.csv: Invalid filename format
2025-05-30 23:22:20,165 INFO   Wafer_11012020_151432.csv: Invalid filename format
2025-05-30 23:22:20,165 INFO   Wafer_24012020_150121.csv: Invalid filename format
2025-05-30 23:22:20,165 INFO   wafer_27012020_080912.csv: Columns do not match schema
2025-05-30 23:22:20,165 INFO   wafer_17012020_125434.csv: Last column should be 'Output' or 'Good/Bad', got 'Sensor-590'
2025-05-30 23:22:20,165 INFO   Wafer_22012020_173245.csv: Invalid filename format
2025-05-30 23:22:20,165 INFO   Wafer_fault_detection.csv: Invalid filename format
2025-05-30 23:22:20,165 INFO   Wafer_25012020_142112.csv: Invalid filename format
2025-05-30 23:22:20,165 INFO   Wafer_20012020_135132.csv: Invalid filename format
2025-05-30 23:22:20,165 INFO   Wafer_15012020_130532.csv: Invalid filename format
2025-05-30 23:22:20,165 INFO   Wafer_08012020_120000.csv: Invalid filename format
2025-05-30 23:22:20,165 INFO   Wafer_21012020_143634.csv: Invalid filename format
2025-05-30 23:22:20,166 INFO   Wafer_07012020_223345.csv: Invalid filename format
2025-05-30 23:22:20,166 INFO   Wafer_14012020_113045.csv: Invalid filename format
2025-05-30 23:22:20,166 INFO   wafer_16012020_134553.csv: Last column should be 'Output' or 'Good/Bad', got 'Sensor-590'
2025-05-30 23:22:20,166 INFO   Wafer_text_130532.csv: Invalid filename format
2025-05-30 23:22:20,166 INFO   Wafer_12012020_111213.csv: Invalid filename format
2025-05-30 23:22:20,166 INFO   Wafer_10012020_131534.csv: Invalid filename format
2025-05-30 23:22:20,166 INFO   wafer_20012020_090818.csv: Row 6: Column 'Sensor-16' expects float, got 'abc'
2025-05-30 23:22:20,166 INFO   Wafer_23012020_163456.csv: Invalid filename format
2025-05-30 23:22:20,166 INFO   Wafer_13012020_141000.csv: Invalid filename format
2025-05-30 23:22:20,166 INFO   Wafer_07012020_000000.csv: Invalid filename format
2025-05-30 23:22:20,166 INFO   Wafer_15010_130532.csv: Invalid filename format
2025-05-30 23:22:20,166 INFO   Wafer12_20012.csv: Invalid filename format
2025-05-30 23:22:20,166 INFO   Wafer_18012020_121532.csv: Invalid filename format
2025-05-30 23:22:20,166 INFO   Wafer_19012020_141432.csv: Invalid filename format
2025-05-30 23:22:20,166 INFO   Wafer_12012020_111.csv: Invalid filename format
2025-05-30 23:22:20,166 INFO Data validation completed successfully
